
> build
> next build

  ▲ Next.js 14.2.35

   Creating an optimized production build ...
 ✓ Compiled successfully
   Linting and checking validity of types ...
   Collecting page data ...
   Generating static pages (0/8) ...
   Generating static pages (2/8) 
   Generating static pages (4/8) 
   Generating static pages (6/8) 
 ✓ Generating static pages (8/8)
   Finalizing page optimization ...
   Collecting build traces ...

Route (app)                              Size     First Load JS
┌ ○ /                                    138 B          87.7 kB
├ ○ /_not-found                          873 B          88.4 kB
├ ○ /categories                          2.6 kB          212 kB
├ ○ /entries                             3.82 kB         213 kB
├ ○ /login                               4.13 kB         201 kB
└ ○ /reports                             3.97 kB         213 kB
+ First Load JS shared by all            87.6 kB
  ├ chunks/117-bc7541f9b59cd07d.js       31.7 kB
  ├ chunks/fd9d1056-73e5c7545abdc720.js  53.6 kB
  └ other shared chunks (total)          2.19 kB


○  (Static)  prerendered as static content

